<?xml version="1.0" encoding="UTF-8"?>
<!-- Generated by org.testng.reporters.JUnitReportReporter -->
<testsuite hostname="WKWZTeXES9vddfM" failures="0" tests="4" name="com.restassured.testclasses.TestExample" time="2.763" errors="0" timestamp="2022-07-31T16:11:56 IST" skipped="0">
  <testcase classname="com.restassured.testclasses.TestExample" name="test_1" time="0.091"/>
  <system-out/>
  <testcase classname="com.restassured.testclasses.TestExample" name="test_2" time="0.142"/>
  <system-out/>
  <testcase classname="com.restassured.testclasses.TestExample" name="testGet" time="1.947"/>
  <system-out/>
  <testcase classname="com.restassured.testclasses.TestExample" name="testPost" time="0.583"/>
  <system-out/>
</testsuite> <!-- com.restassured.testclasses.TestExample -->
